{
  "/Users/uni/Desktop/repos/forzaNapoliInc/nuxt/src/components/helpers/api.js": {
    "path": "/Users/uni/Desktop/repos/forzaNapoliInc/nuxt/src/components/helpers/api.js",
    "statementMap": {
      "0": {
        "start": { "line": 2, "column": 23 },
        "end": { "line": 2, "column": 46 }
      },
      "1": {
        "start": { "line": 5, "column": 2 },
        "end": { "line": 5, "column": 50 }
      },
      "2": {
        "start": { "line": 6, "column": 2 },
        "end": { "line": 14, "column": 7 }
      },
      "3": {
        "start": { "line": 9, "column": 6 },
        "end": { "line": 9, "column": 53 }
      },
      "4": {
        "start": { "line": 10, "column": 6 },
        "end": { "line": 10, "column": 27 }
      },
      "5": {
        "start": { "line": 13, "column": 6 },
        "end": { "line": 13, "column": 27 }
      },
      "6": {
        "start": { "line": 18, "column": 2 },
        "end": { "line": 18, "column": 49 }
      },
      "7": {
        "start": { "line": 19, "column": 2 },
        "end": { "line": 27, "column": 7 }
      },
      "8": {
        "start": { "line": 22, "column": 6 },
        "end": { "line": 22, "column": 53 }
      },
      "9": {
        "start": { "line": 23, "column": 6 },
        "end": { "line": 23, "column": 27 }
      },
      "10": {
        "start": { "line": 26, "column": 6 },
        "end": { "line": 26, "column": 27 }
      }
    },
    "fnMap": {
      "0": {
        "name": "apiHelperPOST",
        "decl": {
          "start": { "line": 4, "column": 22 },
          "end": { "line": 4, "column": 35 }
        },
        "loc": {
          "start": { "line": 4, "column": 52 },
          "end": { "line": 15, "column": 1 }
        },
        "line": 4
      },
      "1": {
        "name": "(anonymous_1)",
        "decl": {
          "start": { "line": 8, "column": 10 },
          "end": { "line": 8, "column": 11 }
        },
        "loc": {
          "start": { "line": 8, "column": 24 },
          "end": { "line": 11, "column": 5 }
        },
        "line": 8
      },
      "2": {
        "name": "(anonymous_2)",
        "decl": {
          "start": { "line": 12, "column": 11 },
          "end": { "line": 12, "column": 12 }
        },
        "loc": {
          "start": { "line": 12, "column": 22 },
          "end": { "line": 14, "column": 5 }
        },
        "line": 12
      },
      "3": {
        "name": "apiHelperGET",
        "decl": {
          "start": { "line": 17, "column": 22 },
          "end": { "line": 17, "column": 34 }
        },
        "loc": {
          "start": { "line": 17, "column": 51 },
          "end": { "line": 28, "column": 1 }
        },
        "line": 17
      },
      "4": {
        "name": "(anonymous_4)",
        "decl": {
          "start": { "line": 21, "column": 10 },
          "end": { "line": 21, "column": 11 }
        },
        "loc": {
          "start": { "line": 21, "column": 24 },
          "end": { "line": 24, "column": 5 }
        },
        "line": 21
      },
      "5": {
        "name": "(anonymous_5)",
        "decl": {
          "start": { "line": 25, "column": 11 },
          "end": { "line": 25, "column": 12 }
        },
        "loc": {
          "start": { "line": 25, "column": 22 },
          "end": { "line": 27, "column": 5 }
        },
        "line": 25
      }
    },
    "branchMap": {},
    "s": {
      "0": 1,
      "1": 2,
      "2": 2,
      "3": 1,
      "4": 1,
      "5": 1,
      "6": 1,
      "7": 1,
      "8": 1,
      "9": 1,
      "10": 0
    },
    "f": { "0": 2, "1": 1, "2": 1, "3": 1, "4": 1, "5": 0 },
    "b": {},
    "inputSourceMap": null,
    "_coverageSchema": "1a1c01bbd47fc00a2c39e90264f33305004495a9",
    "hash": "ef81676d2ecb6e83fc07ed57a4f931d4f8b8a146"
  }
}
